{"/home/minh/Documents/GameServerConfig/GameServer/src/Validators/checkString.js": {"path":"/home/minh/Documents/GameServerConfig/GameServer/src/Validators/checkString.js","statementMap":{"0":{"start":{"line":1,"column":0},"end":{"line":3,"column":1}},"1":{"start":{"line":2,"column":4},"end":{"line":2,"column":104}},"2":{"start":{"line":5,"column":0},"end":{"line":9,"column":1}},"3":{"start":{"line":6,"column":16},"end":{"line":6,"column":50}},"4":{"start":{"line":7,"column":15},"end":{"line":7,"column":32}},"5":{"start":{"line":8,"column":4},"end":{"line":8,"column":15}},"6":{"start":{"line":11,"column":0},"end":{"line":15,"column":1}},"7":{"start":{"line":12,"column":15},"end":{"line":12,"column":81}},"8":{"start":{"line":13,"column":15},"end":{"line":13,"column":34}},"9":{"start":{"line":14,"column":4},"end":{"line":14,"column":15}}},"fnMap":{"0":{"name":"(anonymous_0)","decl":{"start":{"line":1,"column":20},"end":{"line":1,"column":21}},"loc":{"start":{"line":1,"column":35},"end":{"line":3,"column":1}},"line":1},"1":{"name":"(anonymous_1)","decl":{"start":{"line":5,"column":18},"end":{"line":5,"column":19}},"loc":{"start":{"line":5,"column":35},"end":{"line":9,"column":1}},"line":5},"2":{"name":"(anonymous_2)","decl":{"start":{"line":11,"column":21},"end":{"line":11,"column":22}},"loc":{"start":{"line":11,"column":41},"end":{"line":15,"column":1}},"line":11}},"branchMap":{"0":{"loc":{"start":{"line":2,"column":11},"end":{"line":2,"column":103}},"type":"binary-expr","locations":[{"start":{"line":2,"column":12},"end":{"line":2,"column":37}},{"start":{"line":2,"column":41},"end":{"line":2,"column":66}},{"start":{"line":2,"column":70},"end":{"line":2,"column":87}},{"start":{"line":2,"column":92},"end":{"line":2,"column":103}}],"line":2}},"s":{"0":1,"1":4,"2":1,"3":3,"4":3,"5":3,"6":1,"7":3,"8":3,"9":3},"f":{"0":4,"1":3,"2":3},"b":{"0":[4,3,3,4]},"_coverageSchema":"1a1c01bbd47fc00a2c39e90264f33305004495a9","hash":"4ca37d88d43d3d3927d6bca1fff8c5cf8fe81746"}
}
